<?xml version="1.0" encoding="UTF-8"?>
<!-- Generated by org.testng.reporters.JUnitReportReporter -->
<testsuite hostname="DESKTOP-G43AE6T" failures="0" tests="1" name="tests.ViewProductDetailsTest" time="34.996" errors="0" timestamp="2022-10-14T00:42:52 BDT" skipped="0">
  <testcase classname="tests.ViewProductDetailsTest" name="PageDetails" time="34.996"/>
  <system-out/>
</testsuite> <!-- tests.ViewProductDetailsTest -->
