<?xml version="1.0" encoding="UTF-8"?>
<!-- Generated by org.testng.reporters.JUnitReportReporter -->
<testsuite hostname="DESKTOP-G43AE6T" failures="0" tests="1" name="tests.CheckoutInfoTest" time="27.877" errors="0" timestamp="2022-10-14T00:42:52 BDT" skipped="0">
  <testcase classname="tests.CheckoutInfoTest" name="checkoutDetails" time="27.877"/>
  <system-out/>
</testsuite> <!-- tests.CheckoutInfoTest -->
